Performing C SOURCE FILE Test CMAKE_HAVE_LIBC_PTHREAD failed with the following output:
Change Dir: /media/yao/Data/yolov5-tensorrt/build/CMakeFiles/CMakeTmp

Run Build Command(s):/usr/bin/make cmTC_c8ca8/fast && /usr/bin/make  -f CMakeFiles/cmTC_c8ca8.dir/build.make CMakeFiles/cmTC_c8ca8.dir/build
make[1]: 进入目录“/media/yao/Data/yolov5-tensorrt/build/CMakeFiles/CMakeTmp”
Building C object CMakeFiles/cmTC_c8ca8.dir/src.c.o
/usr/bin/gcc   -fPIC -DCMAKE_HAVE_LIBC_PTHREAD   -o CMakeFiles/cmTC_c8ca8.dir/src.c.o   -c /media/yao/Data/yolov5-tensorrt/build/CMakeFiles/CMakeTmp/src.c
Linking C executable cmTC_c8ca8
/usr/local/bin/cmake -E cmake_link_script CMakeFiles/cmTC_c8ca8.dir/link.txt --verbose=1
/usr/bin/gcc -fPIC -DCMAKE_HAVE_LIBC_PTHREAD    CMakeFiles/cmTC_c8ca8.dir/src.c.o  -o cmTC_c8ca8 
CMakeFiles/cmTC_c8ca8.dir/src.c.o：在函数‘main’中：
src.c:(.text+0x3e)：对‘pthread_create’未定义的引用
src.c:(.text+0x4a)：对‘pthread_detach’未定义的引用
src.c:(.text+0x56)：对‘pthread_cancel’未定义的引用
src.c:(.text+0x67)：对‘pthread_join’未定义的引用
src.c:(.text+0x7b)：对‘pthread_atfork’未定义的引用
collect2: error: ld returned 1 exit status
CMakeFiles/cmTC_c8ca8.dir/build.make:106: recipe for target 'cmTC_c8ca8' failed
make[1]: *** [cmTC_c8ca8] Error 1
make[1]: 离开目录“/media/yao/Data/yolov5-tensorrt/build/CMakeFiles/CMakeTmp”
Makefile:141: recipe for target 'cmTC_c8ca8/fast' failed
make: *** [cmTC_c8ca8/fast] Error 2


Source file was:
#include <pthread.h>

void* test_func(void* data)
{
  return data;
}

int main(void)
{
  pthread_t thread;
  pthread_create(&thread, NULL, test_func, NULL);
  pthread_detach(thread);
  pthread_cancel(thread);
  pthread_join(thread, NULL);
  pthread_atfork(NULL, NULL, NULL);
  pthread_exit(NULL);

  return 0;
}

Determining if the function pthread_create exists in the pthreads failed with the following output:
Change Dir: /media/yao/Data/yolov5-tensorrt/build/CMakeFiles/CMakeTmp

Run Build Command(s):/usr/bin/make cmTC_7af29/fast && /usr/bin/make  -f CMakeFiles/cmTC_7af29.dir/build.make CMakeFiles/cmTC_7af29.dir/build
make[1]: 进入目录“/media/yao/Data/yolov5-tensorrt/build/CMakeFiles/CMakeTmp”
Building C object CMakeFiles/cmTC_7af29.dir/CheckFunctionExists.c.o
/usr/bin/gcc   -fPIC -DCHECK_FUNCTION_EXISTS=pthread_create   -o CMakeFiles/cmTC_7af29.dir/CheckFunctionExists.c.o   -c /usr/local/share/cmake-3.17/Modules/CheckFunctionExists.c
Linking C executable cmTC_7af29
/usr/local/bin/cmake -E cmake_link_script CMakeFiles/cmTC_7af29.dir/link.txt --verbose=1
/usr/bin/gcc -fPIC -DCHECK_FUNCTION_EXISTS=pthread_create    CMakeFiles/cmTC_7af29.dir/CheckFunctionExists.c.o  -o cmTC_7af29  -lpthreads 
/usr/bin/ld: 找不到 -lpthreads
collect2: error: ld returned 1 exit status
CMakeFiles/cmTC_7af29.dir/build.make:106: recipe for target 'cmTC_7af29' failed
make[1]: *** [cmTC_7af29] Error 1
make[1]: 离开目录“/media/yao/Data/yolov5-tensorrt/build/CMakeFiles/CMakeTmp”
Makefile:141: recipe for target 'cmTC_7af29/fast' failed
make: *** [cmTC_7af29/fast] Error 2



